<?xml version="1.0" encoding="UTF-8"?>
<testng-results skipped="0" failed="0" total="1" passed="1">
  <reporter-output>
  </reporter-output>
  <suite name="Suite" duration-ms="20699" started-at="2016-04-09T23:37:57Z" finished-at="2016-04-09T23:38:18Z">
    <groups>
    </groups>
    <test name="Test" duration-ms="20699" started-at="2016-04-09T23:37:57Z" finished-at="2016-04-09T23:38:18Z">
      <class name="pkgListenersTesrNG.ListenersTestCases">
        <test-method status="PASS" signature="GoogleTitleVerify()[pri:0, instance:pkgListenersTesrNG.ListenersTestCases@38364841]" name="GoogleTitleVerify" duration-ms="20662" started-at="2016-04-09T18:37:57Z" finished-at="2016-04-09T18:38:18Z">
          <reporter-output>
          </reporter-output>
        </test-method> <!-- GoogleTitleVerify -->
      </class> <!-- pkgListenersTesrNG.ListenersTestCases -->
    </test> <!-- Test -->
  </suite> <!-- Suite -->
</testng-results>
